                Step[ FC]     Time          Energy          fmax
BFGSLineSearch:    0[  0] 18:39:41      -10.354636       5.0836
BFGSLineSearch:    1[  2] 18:40:00      -10.518276       0.9175
BFGSLineSearch:    2[  3] 18:40:07      -10.522742       0.2214
BFGSLineSearch:    3[  5] 18:40:16      -10.524706       0.1870
BFGSLineSearch:    4[  6] 18:40:20      -10.524922       0.0268
                Step[ FC]     Time          Energy          fmax
BFGSLineSearch:    0[  0] 18:42:54      -10.354636       5.0836
BFGSLineSearch:    1[  2] 18:43:13      -10.518276       0.9175
BFGSLineSearch:    2[  3] 18:43:18      -10.522742       0.2214
BFGSLineSearch:    3[  5] 18:43:28      -10.524706       0.1870
BFGSLineSearch:    4[  6] 18:43:32      -10.524922       0.0268
                Step[ FC]     Time          Energy          fmax
BFGSLineSearch:    0[  0] 19:06:15      -10.354636       5.0836
BFGSLineSearch:    1[  2] 19:06:31      -10.518276       0.9175
BFGSLineSearch:    2[  3] 19:06:36      -10.522742       0.2214
BFGSLineSearch:    3[  5] 19:06:45      -10.524706       0.1870
BFGSLineSearch:    4[  6] 19:06:48      -10.524922       0.0268
                Step[ FC]     Time          Energy          fmax
BFGSLineSearch:    0[  0] 19:13:30      -10.354636       5.0836
BFGSLineSearch:    1[  2] 19:13:47      -10.518276       0.9175
BFGSLineSearch:    2[  3] 19:13:52      -10.522742       0.2214
BFGSLineSearch:    3[  5] 19:14:00      -10.524706       0.1870
BFGSLineSearch:    4[  6] 19:14:04      -10.524922       0.0268
BFGSLineSearch:    5[  7] 19:14:07      -10.524929       0.0037
                Step[ FC]     Time          Energy          fmax
BFGSLineSearch:    0[  0] 19:16:40      -10.354636       5.0836
BFGSLineSearch:    1[  2] 19:16:59      -10.518276       0.9175
BFGSLineSearch:    2[  3] 19:17:05      -10.522742       0.2214
BFGSLineSearch:    3[  5] 19:17:13      -10.524706       0.1870
BFGSLineSearch:    4[  6] 19:17:16      -10.524922       0.0268
BFGSLineSearch:    5[  7] 19:17:19      -10.524929       0.0037
                Step[ FC]     Time          Energy          fmax
BFGSLineSearch:    0[  0] 19:19:26      -10.354636       5.0836
BFGSLineSearch:    1[  2] 19:19:42      -10.518276       0.9175
BFGSLineSearch:    2[  3] 19:19:48      -10.522742       0.2214
BFGSLineSearch:    3[  5] 19:19:55      -10.524706       0.1870
BFGSLineSearch:    4[  6] 19:19:59      -10.524922       0.0268
BFGSLineSearch:    5[  7] 19:20:02      -10.524929       0.0037
                Step[ FC]     Time          Energy          fmax
BFGSLineSearch:    0[  0] 21:52:29      -10.354636       5.0836
                Step[ FC]     Time          Energy          fmax
BFGSLineSearch:    0[  0] 21:53:20      -10.354636       5.0836
BFGSLineSearch:    1[  2] 21:53:44      -10.518276       0.9175
BFGSLineSearch:    2[  3] 21:53:53      -10.522742       0.2214
BFGSLineSearch:    3[  5] 21:54:04      -10.524706       0.1870
BFGSLineSearch:    4[  6] 21:54:10      -10.524922       0.0268
BFGSLineSearch:    5[  7] 21:54:13      -10.524929       0.0037
                Step[ FC]     Time          Energy          fmax
BFGSLineSearch:    0[  0] 21:58:30      -10.354636       5.0836
BFGSLineSearch:    1[  2] 21:58:56      -10.518276       0.9175
BFGSLineSearch:    2[  3] 21:59:04      -10.522742       0.2214
BFGSLineSearch:    3[  5] 21:59:16      -10.524706       0.1870
BFGSLineSearch:    4[  6] 21:59:20      -10.524922       0.0268
BFGSLineSearch:    5[  7] 21:59:24      -10.524929       0.0037
                Step[ FC]     Time          Energy          fmax
BFGSLineSearch:    0[  0] 22:04:15      -10.354636       5.0836
BFGSLineSearch:    1[  2] 22:04:39      -10.518276       0.9175
BFGSLineSearch:    2[  3] 22:04:48      -10.522742       0.2214
BFGSLineSearch:    3[  5] 22:04:59      -10.524706       0.1870
BFGSLineSearch:    4[  6] 22:05:04      -10.524922       0.0268
BFGSLineSearch:    5[  7] 22:05:08      -10.524929       0.0037
                Step[ FC]     Time          Energy          fmax
BFGSLineSearch:    0[  0] 22:07:19      -10.354636       5.0836
BFGSLineSearch:    1[  2] 22:07:44      -10.518276       0.9175
BFGSLineSearch:    2[  3] 22:07:51      -10.522742       0.2214
BFGSLineSearch:    3[  5] 22:08:02      -10.524706       0.1870
BFGSLineSearch:    4[  6] 22:08:07      -10.524922       0.0268
BFGSLineSearch:    5[  7] 22:08:10      -10.524929       0.0037
                Step[ FC]     Time          Energy          fmax
BFGSLineSearch:    0[  0] 22:10:17      -10.354636       5.0836
BFGSLineSearch:    1[  2] 22:10:42      -10.518276       0.9175
BFGSLineSearch:    2[  3] 22:10:49      -10.522742       0.2214
BFGSLineSearch:    3[  5] 22:11:00      -10.524706       0.1870
BFGSLineSearch:    4[  6] 22:11:04      -10.524922       0.0268
BFGSLineSearch:    5[  7] 22:11:08      -10.524929       0.0037
